#
# There is insufficient memory for the Java Runtime Environment to continue.
# Native memory allocation (mmap) failed to map 65536 bytes for Failed to commit metaspace.
# Possible reasons:
#   The system is out of physical RAM or swap space
#   The process is running with CompressedOops enabled, and the Java Heap may be blocking the growth of the native heap
# Possible solutions:
#   Reduce memory load on the system
#   Increase physical memory or swap space
#   Check if swap backing store is full
#   Decrease Java heap size (-Xmx/-Xms)
#   Decrease number of Java threads
#   Decrease Java thread stack sizes (-Xss)
#   Set larger code cache with -XX:ReservedCodeCacheSize=
#   JVM is running with Zero Based Compressed Oops mode in which the Java heap is
#     placed in the first 32GB address space. The Java Heap base address is the
#     maximum limit for the native heap growth. Please use -XX:HeapBaseMinAddress
#     to set the Java Heap base and to place the Java Heap above 32GB virtual address.
# This output file may be truncated or incomplete.
#
#  Out of Memory Error (virtualSpaceNode.cpp:108), pid=15036, tid=5388
#
# JRE version: Java(TM) SE Runtime Environment (16.0.1+9) (build 16.0.1+9-24)
# Java VM: Java HotSpot(TM) 64-Bit Server VM (16.0.1+9-24, mixed mode, tiered, compressed oops, compressed class ptrs, g1 gc, windows-amd64)
# No core dump will be written. Minidumps are not enabled by default on client versions of Windows
#

---------------  S U M M A R Y ------------

Command Line: --enable-preview -javaagent:D:\все\IntelliJ IDEA Community Edition 2020.2.2\lib\idea_rt.jar=57065:D:\все\IntelliJ IDEA Community Edition 2020.2.2\bin -Dfile.encoding=UTF-8 Main

Host: AMD Ryzen 5 2600 Six-Core Processor            , 12 cores, 15G,  Windows 10 , 64 bit Build 19041 (10.0.19041.1566)
Time: Sat Apr  2 11:08:07 2022 RTZ 2 (s 10 , 64 bit Build 19041 (10.0.19041.1566) elapsed time: 0.168391 seconds (0d 0h 0m 0s)

---------------  T H R E A D  ---------------

Current thread (0x000002348b8806d0):  JavaThread "C1 CompilerThread0" daemon [_thread_in_vm, id=5388, stack(0x0000008a2b000000,0x0000008a2b100000)]


Current CompileTask:
C1:    168   51       3       java.util.concurrent.ConcurrentHashMap::addCount (280 bytes)

Stack: [0x0000008a2b000000,0x0000008a2b100000]
Native frames: (J=compiled Java code, j=interpreted, Vv=VM code, C=native code)
V  [jvm.dll+0x6687ca]
V  [jvm.dll+0x7ca3c9]
V  [jvm.dll+0x7cbb53]
V  [jvm.dll+0x7cc1b3]
V  [jvm.dll+0x242ea5]
V  [jvm.dll+0x7c6a4b]
V  [jvm.dll+0x60e436]
V  [jvm.dll+0x60e49a]
V  [jvm.dll+0x610aca]
V  [jvm.dll+0x60ed31]
V  [jvm.dll+0x6206ea]
V  [jvm.dll+0x6195ca]
V  [jvm.dll+0x1cb00c]
V  [jvm.dll+0x1cb1f9]
V  [jvm.dll+0x145257]
V  [jvm.dll+0x1450c8]
V  [jvm.dll+0x13caa6]
V  [jvm.dll+0x13efd5]
V  [jvm.dll+0x13d2b4]
V  [jvm.dll+0x13718f]
V  [jvm.dll+0x146c76]
V  [jvm.dll+0x132800]
V  [jvm.dll+0x132b80]
V  [jvm.dll+0x132e49]
V  [jvm.dll+0x1322af]
V  [jvm.dll+0x134071]
V  [jvm.dll+0x2253a8]
V  [jvm.dll+0x2233ec]
V  [jvm.dll+0x780002]
V  [jvm.dll+0x779b4a]
V  [jvm.dll+0x667666]
C  [ucrtbase.dll+0x21bb2]
C  [KERNEL32.DLL+0x17034]
C  [ntdll.dll+0x52651]


---------------  P R O C E S S  ---------------

Threads class SMR info:
_java_thread_list=0x000002348b874050, length=10, elements={
0x00000234e7c555a0, 0x000002348b846260, 0x000002348b847640, 0x000002348b86f670,
0x000002348b871f90, 0x000002348b8728a0, 0x000002348b8731b0, 0x000002348b8742b0,
0x000002348b8806d0, 0x000002348add7f60
}

Java Threads: ( => current thread )
  0x00000234e7c555a0 JavaThread "main" [_thread_in_vm, id=15492, stack(0x0000008a2a200000,0x0000008a2a300000)]
  0x000002348b846260 JavaThread "Reference Handler" daemon [_thread_blocked, id=5364, stack(0x0000008a2a900000,0x0000008a2aa00000)]
  0x000002348b847640 JavaThread "Finalizer" daemon [_thread_blocked, id=6472, stack(0x0000008a2aa00000,0x0000008a2ab00000)]
  0x000002348b86f670 JavaThread "Signal Dispatcher" daemon [_thread_blocked, id=4156, stack(0x0000008a2ab00000,0x0000008a2ac00000)]
  0x000002348b871f90 JavaThread "Attach Listener" daemon [_thread_blocked, id=12436, stack(0x0000008a2ac00000,0x0000008a2ad00000)]
  0x000002348b8728a0 JavaThread "Service Thread" daemon [_thread_blocked, id=7772, stack(0x0000008a2ad00000,0x0000008a2ae00000)]
  0x000002348b8731b0 JavaThread "Monitor Deflation Thread" daemon [_thread_blocked, id=14896, stack(0x0000008a2ae00000,0x0000008a2af00000)]
  0x000002348b8742b0 JavaThread "C2 CompilerThread0" daemon [_thread_blocked, id=308, stack(0x0000008a2af00000,0x0000008a2b000000)]
=>0x000002348b8806d0 JavaThread "C1 CompilerThread0" daemon [_thread_in_vm, id=5388, stack(0x0000008a2b000000,0x0000008a2b100000)]
  0x000002348add7f60 JavaThread "Sweeper thread" daemon [_thread_blocked, id=15288, stack(0x0000008a2b100000,0x0000008a2b200000)]

Other Threads:
  0x000002348b827e60 VMThread "VM Thread" [stack: 0x0000008a2a800000,0x0000008a2a900000] [id=9432]
  0x00000234e7ca6280 GCTaskThread "GC Thread#0" [stack: 0x0000008a2a300000,0x0000008a2a400000] [id=10372]
  0x00000234e7cb9230 ConcurrentGCThread "G1 Main Marker" [stack: 0x0000008a2a400000,0x0000008a2a500000] [id=12972]
  0x00000234e7cbb360 ConcurrentGCThread "G1 Conc#0" [stack: 0x0000008a2a500000,0x0000008a2a600000] [id=15596]
  0x000002348ac644e0 ConcurrentGCThread "G1 Refine#0" [stack: 0x0000008a2a600000,0x0000008a2a700000] [id=10204]
  0x00000234e7d18f60 ConcurrentGCThread "G1 Service" [stack: 0x0000008a2a700000,0x0000008a2a800000] [id=10296]

Threads with active compile tasks:
C1 CompilerThread0      187   51       3       java.util.concurrent.ConcurrentHashMap::addCount (280 bytes)

VM state: not at safepoint (normal execution)

VM Mutex/Monitor currently owned by a thread:  ([mutex/lock_event])
[0x00000234e7c47040] MetaspaceExpand_lock - owner thread: 0x000002348b8806d0
[0x00000234e7c519c0] MethodData_lock - owner thread: 0x000002348b8806d0

Heap address: 0x0000000700c00000, size: 4084 MB, Compressed Oops mode: Zero based, Oop shift amount: 3

CDS disabled.
Compressed class space mapped at: 0x0000000800000000-0x0000000840000000, reserved size: 1073741824
Narrow klass base: 0x0000000800000000, Narrow klass shift: 0, Narrow klass range: 0x40000000

GC Precious Log:
 CPUs: 12 total, 12 available
 Memory: 16331M
 Large Page Support: Disabled
 NUMA Support: Disabled
 Compressed Oops: Enabled (Zero based)
 Heap Region Size: 2M
 Heap Min Capacity: 8M
 Heap Initial Capacity: 256M
 Heap Max Capacity: 4084M
 Pre-touch: Disabled
 Parallel Workers: 10
 Concurrent Workers: 3
 Concurrent Refinement Workers: 10
 Periodic GC: Disabled

Heap:
 garbage-first heap   total 262144K, used 0K [0x0000000700c00000, 0x0000000800000000)
  region size 2048K, 1 young (2048K), 0 survivors (0K)
 Metaspace       used 4369K, committed 4416K, reserved 1056768K
  class space    used 337K, committed 384K, reserved 1048576K

Heap Regions: E=young(eden), S=young(survivor), O=old, HS=humongous(starts), HC=humongous(continues), CS=collection set, F=free, OA=open archive, CA=closed archive, TAMS=top-at-mark-start (previous, next)
|   0|0x0000000700c00000, 0x0000000700c00000, 0x0000000700e00000|  0%| F|  |TAMS 0x0000000700c00000, 0x0000000700c00000| Untracked 
|   1|0x0000000700e00000, 0x0000000700e00000, 0x0000000701000000|  0%| F|  |TAMS 0x0000000700e00000, 0x0000000700e00000| Untracked 
|   2|0x0000000701000000, 0x0000000701000000, 0x0000000701200000|  0%| F|  |TAMS 0x0000000701000000, 0x0000000701000000| Untracked 
|   3|0x0000000701200000, 0x0000000701200000, 0x0000000701400000|  0%| F|  |TAMS 0x0000000701200000, 0x0000000701200000| Untracked 
|   4|0x0000000701400000, 0x0000000701400000, 0x0000000701600000|  0%| F|  |TAMS 0x0000000701400000, 0x0000000701400000| Untracked 
|   5|0x0000000701600000, 0x0000000701600000, 0x0000000701800000|  0%| F|  |TAMS 0x0000000701600000, 0x0000000701600000| Untracked 
|   6|0x0000000701800000, 0x0000000701800000, 0x0000000701a00000|  0%| F|  |TAMS 0x0000000701800000, 0x0000000701800000| Untracked 
|   7|0x0000000701a00000, 0x0000000701a00000, 0x0000000701c00000|  0%| F|  |TAMS 0x0000000701a00000, 0x0000000701a00000| Untracked 
|   8|0x0000000701c00000, 0x0000000701c00000, 0x0000000701e00000|  0%| F|  |TAMS 0x0000000701c00000, 0x0000000701c00000| Untracked 
|   9|0x0000000701e00000, 0x0000000701e00000, 0x0000000702000000|  0%| F|  |TAMS 0x0000000701e00000, 0x0000000701e00000| Untracked 
|  10|0x0000000702000000, 0x0000000702000000, 0x0000000702200000|  0%| F|  |TAMS 0x0000000702000000, 0x0000000702000000| Untracked 
|  11|0x0000000702200000, 0x0000000702200000, 0x0000000702400000|  0%| F|  |TAMS 0x0000000702200000, 0x0000000702200000| Untracked 
|  12|0x0000000702400000, 0x0000000702400000, 0x0000000702600000|  0%| F|  |TAMS 0x0000000702400000, 0x0000000702400000| Untracked 
|  13|0x0000000702600000, 0x0000000702600000, 0x0000000702800000|  0%| F|  |TAMS 0x0000000702600000, 0x0000000702600000| Untracked 
|  14|0x0000000702800000, 0x0000000702800000, 0x0000000702a00000|  0%| F|  |TAMS 0x0000000702800000, 0x0000000702800000| Untracked 
|  15|0x0000000702a00000, 0x0000000702a00000, 0x0000000702c00000|  0%| F|  |TAMS 0x0000000702a00000, 0x0000000702a00000| Untracked 
|  16|0x0000000702c00000, 0x0000000702c00000, 0x0000000702e00000|  0%| F|  |TAMS 0x0000000702c00000, 0x0000000702c00000| Untracked 
|  17|0x0000000702e00000, 0x0000000702e00000, 0x0000000703000000|  0%| F|  |TAMS 0x0000000702e00000, 0x0000000702e00000| Untracked 
|  18|0x0000000703000000, 0x0000000703000000, 0x0000000703200000|  0%| F|  |TAMS 0x0000000703000000, 0x0000000703000000| Untracked 
|  19|0x0000000703200000, 0x0000000703200000, 0x0000000703400000|  0%| F|  |TAMS 0x0000000703200000, 0x0000000703200000| Untracked 
|  20|0x0000000703400000, 0x0000000703400000, 0x0000000703600000|  0%| F|  |TAMS 0x0000000703400000, 0x0000000703400000| Untracked 
|  21|0x0000000703600000, 0x0000000703600000, 0x0000000703800000|  0%| F|  |TAMS 0x0000000703600000, 0x0000000703600000| Untracked 
|  22|0x0000000703800000, 0x0000000703800000, 0x0000000703a00000|  0%| F|  |TAMS 0x0000000703800000, 0x0000000703800000| Untracked 
|  23|0x0000000703a00000, 0x0000000703a00000, 0x0000000703c00000|  0%| F|  |TAMS 0x0000000703a00000, 0x0000000703a00000| Untracked 
|  24|0x0000000703c00000, 0x0000000703c00000, 0x0000000703e00000|  0%| F|  |TAMS 0x0000000703c00000, 0x0000000703c00000| Untracked 
|  25|0x0000000703e00000, 0x0000000703e00000, 0x0000000704000000|  0%| F|  |TAMS 0x0000000703e00000, 0x0000000703e00000| Untracked 
|  26|0x0000000704000000, 0x0000000704000000, 0x0000000704200000|  0%| F|  |TAMS 0x0000000704000000, 0x0000000704000000| Untracked 
|  27|0x0000000704200000, 0x0000000704200000, 0x0000000704400000|  0%| F|  |TAMS 0x0000000704200000, 0x0000000704200000| Untracked 
|  28|0x0000000704400000, 0x0000000704400000, 0x0000000704600000|  0%| F|  |TAMS 0x0000000704400000, 0x0000000704400000| Untracked 
|  29|0x0000000704600000, 0x0000000704600000, 0x0000000704800000|  0%| F|  |TAMS 0x0000000704600000, 0x0000000704600000| Untracked 
|  30|0x0000000704800000, 0x0000000704800000, 0x0000000704a00000|  0%| F|  |TAMS 0x0000000704800000, 0x0000000704800000| Untracked 
|  31|0x0000000704a00000, 0x0000000704a00000, 0x0000000704c00000|  0%| F|  |TAMS 0x0000000704a00000, 0x0000000704a00000| Untracked 
|  32|0x0000000704c00000, 0x0000000704c00000, 0x0000000704e00000|  0%| F|  |TAMS 0x0000000704c00000, 0x0000000704c00000| Untracked 
|  33|0x0000000704e00000, 0x0000000704e00000, 0x0000000705000000|  0%| F|  |TAMS 0x0000000704e00000, 0x0000000704e00000| Untracked 
|  34|0x0000000705000000, 0x0000000705000000, 0x0000000705200000|  0%| F|  |TAMS 0x0000000705000000, 0x0000000705000000| Untracked 
|  35|0x0000000705200000, 0x0000000705200000, 0x0000000705400000|  0%| F|  |TAMS 0x0000000705200000, 0x0000000705200000| Untracked 
|  36|0x0000000705400000, 0x0000000705400000, 0x0000000705600000|  0%| F|  |TAMS 0x0000000705400000, 0x0000000705400000| Untracked 
|  37|0x0000000705600000, 0x0000000705600000, 0x0000000705800000|  0%| F|  |TAMS 0x0000000705600000, 0x0000000705600000| Untracked 
|  38|0x0000000705800000, 0x0000000705800000, 0x0000000705a00000|  0%| F|  |TAMS 0x0000000705800000, 0x0000000705800000| Untracked 
|  39|0x0000000705a00000, 0x0000000705a00000, 0x0000000705c00000|  0%| F|  |TAMS 0x0000000705a00000, 0x0000000705a00000| Untracked 
|  40|0x0000000705c00000, 0x0000000705c00000, 0x0000000705e00000|  0%| F|  |TAMS 0x0000000705c00000, 0x0000000705c00000| Untracked 
|  41|0x0000000705e00000, 0x0000000705e00000, 0x0000000706000000|  0%| F|  |TAMS 0x0000000705e00000, 0x0000000705e00000| Untracked 
|  42|0x0000000706000000, 0x0000000706000000, 0x0000000706200000|  0%| F|  |TAMS 0x0000000706000000, 0x0000000706000000| Untracked 
|  43|0x0000000706200000, 0x0000000706200000, 0x0000000706400000|  0%| F|  |TAMS 0x0000000706200000, 0x0000000706200000| Untracked 
|  44|0x0000000706400000, 0x0000000706400000, 0x0000000706600000|  0%| F|  |TAMS 0x0000000706400000, 0x0000000706400000| Untracked 
|  45|0x0000000706600000, 0x0000000706600000, 0x0000000706800000|  0%| F|  |TAMS 0x0000000706600000, 0x0000000706600000| Untracked 
|  46|0x0000000706800000, 0x0000000706800000, 0x0000000706a00000|  0%| F|  |TAMS 0x0000000706800000, 0x0000000706800000| Untracked 
|  47|0x0000000706a00000, 0x0000000706a00000, 0x0000000706c00000|  0%| F|  |TAMS 0x0000000706a00000, 0x0000000706a00000| Untracked 
|  48|0x0000000706c00000, 0x0000000706c00000, 0x0000000706e00000|  0%| F|  |TAMS 0x0000000706c00000, 0x0000000706c00000| Untracked 
|  49|0x0000000706e00000, 0x0000000706e00000, 0x0000000707000000|  0%| F|  |TAMS 0x0000000706e00000, 0x0000000706e00000| Untracked 
|  50|0x0000000707000000, 0x0000000707000000, 0x0000000707200000|  0%| F|  |TAMS 0x0000000707000000, 0x0000000707000000| Untracked 
|  51|0x0000000707200000, 0x0000000707200000, 0x0000000707400000|  0%| F|  |TAMS 0x0000000707200000, 0x0000000707200000| Untracked 
|  52|0x0000000707400000, 0x0000000707400000, 0x0000000707600000|  0%| F|  |TAMS 0x0000000707400000, 0x0000000707400000| Untracked 
|  53|0x0000000707600000, 0x0000000707600000, 0x0000000707800000|  0%| F|  |TAMS 0x0000000707600000, 0x0000000707600000| Untracked 
|  54|0x0000000707800000, 0x0000000707800000, 0x0000000707a00000|  0%| F|  |TAMS 0x0000000707800000, 0x0000000707800000| Untracked 
|  55|0x0000000707a00000, 0x0000000707a00000, 0x0000000707c00000|  0%| F|  |TAMS 0x0000000707a00000, 0x0000000707a00000| Untracked 
|  56|0x0000000707c00000, 0x0000000707c00000, 0x0000000707e00000|  0%| F|  |TAMS 0x0000000707c00000, 0x0000000707c00000| Untracked 
|  57|0x0000000707e00000, 0x0000000707e00000, 0x0000000708000000|  0%| F|  |TAMS 0x0000000707e00000, 0x0000000707e00000| Untracked 
|  58|0x0000000708000000, 0x0000000708000000, 0x0000000708200000|  0%| F|  |TAMS 0x0000000708000000, 0x0000000708000000| Untracked 
|  59|0x0000000708200000, 0x0000000708200000, 0x0000000708400000|  0%| F|  |TAMS 0x0000000708200000, 0x0000000708200000| Untracked 
|  60|0x0000000708400000, 0x0000000708400000, 0x0000000708600000|  0%| F|  |TAMS 0x0000000708400000, 0x0000000708400000| Untracked 
|  61|0x0000000708600000, 0x0000000708600000, 0x0000000708800000|  0%| F|  |TAMS 0x0000000708600000, 0x0000000708600000| Untracked 
|  62|0x0000000708800000, 0x0000000708800000, 0x0000000708a00000|  0%| F|  |TAMS 0x0000000708800000, 0x0000000708800000| Untracked 
|  63|0x0000000708a00000, 0x0000000708a00000, 0x0000000708c00000|  0%| F|  |TAMS 0x0000000708a00000, 0x0000000708a00000| Untracked 
|  64|0x0000000708c00000, 0x0000000708c00000, 0x0000000708e00000|  0%| F|  |TAMS 0x0000000708c00000, 0x0000000708c00000| Untracked 
|  65|0x0000000708e00000, 0x0000000708e00000, 0x0000000709000000|  0%| F|  |TAMS 0x0000000708e00000, 0x0000000708e00000| Untracked 
|  66|0x0000000709000000, 0x0000000709000000, 0x0000000709200000|  0%| F|  |TAMS 0x0000000709000000, 0x0000000709000000| Untracked 
|  67|0x0000000709200000, 0x0000000709200000, 0x0000000709400000|  0%| F|  |TAMS 0x0000000709200000, 0x0000000709200000| Untracked 
|  68|0x0000000709400000, 0x0000000709400000, 0x0000000709600000|  0%| F|  |TAMS 0x0000000709400000, 0x0000000709400000| Untracked 
|  69|0x0000000709600000, 0x0000000709600000, 0x0000000709800000|  0%| F|  |TAMS 0x0000000709600000, 0x0000000709600000| Untracked 
|  70|0x0000000709800000, 0x0000000709800000, 0x0000000709a00000|  0%| F|  |TAMS 0x0000000709800000, 0x0000000709800000| Untracked 
|  71|0x0000000709a00000, 0x0000000709a00000, 0x0000000709c00000|  0%| F|  |TAMS 0x0000000709a00000, 0x0000000709a00000| Untracked 
|  72|0x0000000709c00000, 0x0000000709c00000, 0x0000000709e00000|  0%| F|  |TAMS 0x0000000709c00000, 0x0000000709c00000| Untracked 
|  73|0x0000000709e00000, 0x0000000709e00000, 0x000000070a000000|  0%| F|  |TAMS 0x0000000709e00000, 0x0000000709e00000| Untracked 
|  74|0x000000070a000000, 0x000000070a000000, 0x000000070a200000|  0%| F|  |TAMS 0x000000070a000000, 0x000000070a000000| Untracked 
|  75|0x000000070a200000, 0x000000070a200000, 0x000000070a400000|  0%| F|  |TAMS 0x000000070a200000, 0x000000070a200000| Untracked 
|  76|0x000000070a400000, 0x000000070a400000, 0x000000070a600000|  0%| F|  |TAMS 0x000000070a400000, 0x000000070a400000| Untracked 
|  77|0x000000070a600000, 0x000000070a600000, 0x000000070a800000|  0%| F|  |TAMS 0x000000070a600000, 0x000000070a600000| Untracked 
|  78|0x000000070a800000, 0x000000070a800000, 0x000000070aa00000|  0%| F|  |TAMS 0x000000070a800000, 0x000000070a800000| Untracked 
|  79|0x000000070aa00000, 0x000000070aa00000, 0x000000070ac00000|  0%| F|  |TAMS 0x000000070aa00000, 0x000000070aa00000| Untracked 
|  80|0x000000070ac00000, 0x000000070ac00000, 0x000000070ae00000|  0%| F|  |TAMS 0x000000070ac00000, 0x000000070ac00000| Untracked 
|  81|0x000000070ae00000, 0x000000070ae00000, 0x000000070b000000|  0%| F|  |TAMS 0x000000070ae00000, 0x000000070ae00000| Untracked 
|  82|0x000000070b000000, 0x000000070b000000, 0x000000070b200000|  0%| F|  |TAMS 0x000000070b000000, 0x000000070b000000| Untracked 
|  83|0x000000070b200000, 0x000000070b200000, 0x000000070b400000|  0%| F|  |TAMS 0x000000070b200000, 0x000000070b200000| Untracked 
|  84|0x000000070b400000, 0x000000070b400000, 0x000000070b600000|  0%| F|  |TAMS 0x000000070b400000, 0x000000070b400000| Untracked 
|  85|0x000000070b600000, 0x000000070b600000, 0x000000070b800000|  0%| F|  |TAMS 0x000000070b600000, 0x000000070b600000| Untracked 
|  86|0x000000070b800000, 0x000000070b800000, 0x000000070ba00000|  0%| F|  |TAMS 0x000000070b800000, 0x000000070b800000| Untracked 
|  87|0x000000070ba00000, 0x000000070ba00000, 0x000000070bc00000|  0%| F|  |TAMS 0x000000070ba00000, 0x000000070ba00000| Untracked 
|  88|0x000000070bc00000, 0x000000070bc00000, 0x000000070be00000|  0%| F|  |TAMS 0x000000070bc00000, 0x000000070bc00000| Untracked 
|  89|0x000000070be00000, 0x000000070be00000, 0x000000070c000000|  0%| F|  |TAMS 0x000000070be00000, 0x000000070be00000| Untracked 
|  90|0x000000070c000000, 0x000000070c000000, 0x000000070c200000|  0%| F|  |TAMS 0x000000070c000000, 0x000000070c000000| Untracked 
|  91|0x000000070c200000, 0x000000070c200000, 0x000000070c400000|  0%| F|  |TAMS 0x000000070c200000, 0x000000070c200000| Untracked 
|  92|0x000000070c400000, 0x000000070c400000, 0x000000070c600000|  0%| F|  |TAMS 0x000000070c400000, 0x000000070c400000| Untracked 
|  93|0x000000070c600000, 0x000000070c600000, 0x000000070c800000|  0%| F|  |TAMS 0x000000070c600000, 0x000000070c600000| Untracked 
|  94|0x000000070c800000, 0x000000070c800000, 0x000000070ca00000|  0%| F|  |TAMS 0x000000070c800000, 0x000000070c800000| Untracked 
|  95|0x000000070ca00000, 0x000000070ca00000, 0x000000070cc00000|  0%| F|  |TAMS 0x000000070ca00000, 0x000000070ca00000| Untracked 
|  96|0x000000070cc00000, 0x000000070cc00000, 0x000000070ce00000|  0%| F|  |TAMS 0x000000070cc00000, 0x000000070cc00000| Untracked 
|  97|0x000000070ce00000, 0x000000070ce00000, 0x000000070d000000|  0%| F|  |TAMS 0x000000070ce00000, 0x000000070ce00000| Untracked 
|  98|0x000000070d000000, 0x000000070d000000, 0x000000070d200000|  0%| F|  |TAMS 0x000000070d000000, 0x000000070d000000| Untracked 
|  99|0x000000070d200000, 0x000000070d200000, 0x000000070d400000|  0%| F|  |TAMS 0x000000070d200000, 0x000000070d200000| Untracked 
| 100|0x000000070d400000, 0x000000070d400000, 0x000000070d600000|  0%| F|  |TAMS 0x000000070d400000, 0x000000070d400000| Untracked 
| 101|0x000000070d600000, 0x000000070d600000, 0x000000070d800000|  0%| F|  |TAMS 0x000000070d600000, 0x000000070d600000| Untracked 
| 102|0x000000070d800000, 0x000000070d800000, 0x000000070da00000|  0%| F|  |TAMS 0x000000070d800000, 0x000000070d800000| Untracked 
| 103|0x000000070da00000, 0x000000070da00000, 0x000000070dc00000|  0%| F|  |TAMS 0x000000070da00000, 0x000000070da00000| Untracked 
| 104|0x000000070dc00000, 0x000000070dc00000, 0x000000070de00000|  0%| F|  |TAMS 0x000000070dc00000, 0x000000070dc00000| Untracked 
| 105|0x000000070de00000, 0x000000070de00000, 0x000000070e000000|  0%| F|  |TAMS 0x000000070de00000, 0x000000070de00000| Untracked 
| 106|0x000000070e000000, 0x000000070e000000, 0x000000070e200000|  0%| F|  |TAMS 0x000000070e000000, 0x000000070e000000| Untracked 
| 107|0x000000070e200000, 0x000000070e200000, 0x000000070e400000|  0%| F|  |TAMS 0x000000070e200000, 0x000000070e200000| Untracked 
| 108|0x000000070e400000, 0x000000070e400000, 0x000000070e600000|  0%| F|  |TAMS 0x000000070e400000, 0x000000070e400000| Untracked 
| 109|0x000000070e600000, 0x000000070e600000, 0x000000070e800000|  0%| F|  |TAMS 0x000000070e600000, 0x000000070e600000| Untracked 
| 110|0x000000070e800000, 0x000000070e800000, 0x000000070ea00000|  0%| F|  |TAMS 0x000000070e800000, 0x000000070e800000| Untracked 
| 111|0x000000070ea00000, 0x000000070ea00000, 0x000000070ec00000|  0%| F|  |TAMS 0x000000070ea00000, 0x000000070ea00000| Untracked 
| 112|0x000000070ec00000, 0x000000070ec00000, 0x000000070ee00000|  0%| F|  |TAMS 0x000000070ec00000, 0x000000070ec00000| Untracked 
| 113|0x000000070ee00000, 0x000000070ee00000, 0x000000070f000000|  0%| F|  |TAMS 0x000000070ee00000, 0x000000070ee00000| Untracked 
| 114|0x000000070f000000, 0x000000070f000000, 0x000000070f200000|  0%| F|  |TAMS 0x000000070f000000, 0x000000070f000000| Untracked 
| 115|0x000000070f200000, 0x000000070f200000, 0x000000070f400000|  0%| F|  |TAMS 0x000000070f200000, 0x000000070f200000| Untracked 
| 116|0x000000070f400000, 0x000000070f400000, 0x000000070f600000|  0%| F|  |TAMS 0x000000070f400000, 0x000000070f400000| Untracked 
| 117|0x000000070f600000, 0x000000070f600000, 0x000000070f800000|  0%| F|  |TAMS 0x000000070f600000, 0x000000070f600000| Untracked 
| 118|0x000000070f800000, 0x000000070f800000, 0x000000070fa00000|  0%| F|  |TAMS 0x000000070f800000, 0x000000070f800000| Untracked 
| 119|0x000000070fa00000, 0x000000070fa00000, 0x000000070fc00000|  0%| F|  |TAMS 0x000000070fa00000, 0x000000070fa00000| Untracked 
| 120|0x000000070fc00000, 0x000000070fc00000, 0x000000070fe00000|  0%| F|  |TAMS 0x000000070fc00000, 0x000000070fc00000| Untracked 
| 121|0x000000070fe00000, 0x000000070fe00000, 0x0000000710000000|  0%| F|  |TAMS 0x000000070fe00000, 0x000000070fe00000| Untracked 
| 122|0x0000000710000000, 0x0000000710000000, 0x0000000710200000|  0%| F|  |TAMS 0x0000000710000000, 0x0000000710000000| Untracked 
| 123|0x0000000710200000, 0x0000000710200000, 0x0000000710400000|  0%| F|  |TAMS 0x0000000710200000, 0x0000000710200000| Untracked 
| 124|0x0000000710400000, 0x0000000710400000, 0x0000000710600000|  0%| F|  |TAMS 0x0000000710400000, 0x0000000710400000| Untracked 
| 125|0x0000000710600000, 0x0000000710600000, 0x0000000710800000|  0%| F|  |TAMS 0x0000000710600000, 0x0000000710600000| Untracked 
| 126|0x0000000710800000, 0x0000000710800000, 0x0000000710a00000|  0%| F|  |TAMS 0x0000000710800000, 0x0000000710800000| Untracked 
| 127|0x0000000710a00000, 0x0000000710bc2aa8, 0x0000000710c00000| 88%| E|  |TAMS 0x0000000710a00000, 0x0000000710a00000| Complete 

Card table byte_map: [0x00000234ff120000,0x00000234ff920000] _byte_map_base: 0x00000234fb91a000

Marking Bits (Prev, Next): (CMBitMap*) 0x00000234e7ca88a0, (CMBitMap*) 0x00000234e7ca88e0
 Prev Bits: [0x0000023480800000, 0x00000234847d0000)
 Next Bits: [0x00000234847d0000, 0x00000234887a0000)

Polling page: 0x00000234e5c70000

Metaspace:

Usage:
  Non-class:      3.94 MB used.
      Class:    337.37 KB used.
       Both:      4.27 MB used.

Virtual space:
  Non-class space:        8.00 MB reserved,       3.94 MB ( 49%) committed,  1 nodes.
      Class space:        1.00 GB reserved,     384.00 KB ( <1%) committed,  1 nodes.
              Both:        1.01 GB reserved,       4.31 MB ( <1%) committed. 

Chunk freelists:
   Non-Class:  0 bytes
       Class:  3.62 MB
        Both:  3.62 MB

MaxMetaspaceSize: 17179869184.00 GB
CompressedClassSpaceSize: 1.00 GB
 - commit_granule_bytes: 65536.
 - commit_granule_words: 8192.
 - virtual_space_node_default_size: 1048576.
 - enlarge_chunks_in_place: 1.
 - new_chunks_are_fully_committed: 0.
 - uncommit_free_chunks: 1.
 - use_allocation_guard: 0.
 - handle_deallocations: 1.


Internal statistics:

num_allocs_failed_limit: 0.
num_arena_births: 2.
num_arena_deaths: 0.
num_vsnodes_births: 2.
num_vsnodes_deaths: 0.
num_space_committed: 69.
num_space_uncommitted: 0.
num_chunks_returned_to_freelist: 0.
num_chunks_taken_from_freelist: 4.
num_chunk_merges: 0.
num_chunk_splits: 1.
num_chunks_enlarged: 0.
num_purges: 0.

CodeHeap 'non-profiled nmethods': size=120000Kb used=14Kb max_used=14Kb free=119985Kb
 bounds [0x00000234f6ea0000, 0x00000234f7110000, 0x00000234fe3d0000]
CodeHeap 'profiled nmethods': size=120000Kb used=45Kb max_used=45Kb free=119954Kb
 bounds [0x00000234ef970000, 0x00000234efbe0000, 0x00000234f6ea0000]
CodeHeap 'non-nmethods': size=5760Kb used=1068Kb max_used=1068Kb free=4691Kb
 bounds [0x00000234ef3d0000, 0x00000234ef640000, 0x00000234ef970000]
 total_blobs=378 nmethods=51 adapters=240
 compilation: enabled
              stopped_count=0, restarted_count=0
 full_count=0

Compilation events (20 events):
Event: 0.144 Thread 0x000002348b8806d0 nmethod 34 0x00000234f6ea1590 code [0x00000234f6ea1720, 0x00000234f6ea17f8]
Event: 0.144 Thread 0x000002348b8806d0   37       3       java.lang.String::indexOf (29 bytes)
Event: 0.144 Thread 0x000002348b8806d0 nmethod 37 0x00000234ef979290 code [0x00000234ef979460, 0x00000234ef979718]
Event: 0.144 Thread 0x000002348b8806d0   38       3       java.lang.StringLatin1::indexOf (36 bytes)
Event: 0.144 Thread 0x000002348b8806d0 nmethod 38 0x00000234ef979810 code [0x00000234ef9799e0, 0x00000234ef979e18]
Event: 0.144 Thread 0x000002348b8806d0   36       3       java.lang.String::indexOf (7 bytes)
Event: 0.144 Thread 0x000002348b8806d0 nmethod 36 0x00000234ef979f90 code [0x00000234ef97a160, 0x00000234ef97a478]
Event: 0.145 Thread 0x000002348b8806d0   35       1       java.io.File::getPrefixLength (5 bytes)
Event: 0.145 Thread 0x000002348b8806d0 nmethod 35 0x00000234f6ea1890 code [0x00000234f6ea1a20, 0x00000234f6ea1af8]
Event: 0.146 Thread 0x000002348b8806d0   39       3       java.util.concurrent.ConcurrentHashMap::tabAt (22 bytes)
Event: 0.147 Thread 0x000002348b8806d0 nmethod 39 0x00000234ef97a590 code [0x00000234ef97a740, 0x00000234ef97aa38]
Event: 0.147 Thread 0x000002348b8806d0   40       3       jdk.internal.misc.Unsafe::getReferenceAcquire (7 bytes)
Event: 0.147 Thread 0x000002348b8806d0 nmethod 40 0x00000234ef97ab10 code [0x00000234ef97aca0, 0x00000234ef97ae18]
Event: 0.147 Thread 0x000002348b8806d0   42       3       java.util.concurrent.ConcurrentHashMap::spread (10 bytes)
Event: 0.147 Thread 0x000002348b8806d0 nmethod 42 0x00000234ef97ae90 code [0x00000234ef97b020, 0x00000234ef97b118]
Event: 0.156 Thread 0x000002348b8806d0   44       1       java.lang.Enum::ordinal (5 bytes)
Event: 0.156 Thread 0x000002348b8806d0 nmethod 44 0x00000234f6ea2390 code [0x00000234f6ea2520, 0x00000234f6ea25f8]
Event: 0.163 Thread 0x000002348b8806d0   49       3       java.lang.String::<init> (15 bytes)
Event: 0.163 Thread 0x000002348b8806d0 nmethod 49 0x00000234ef97b190 code [0x00000234ef97b340, 0x00000234ef97b518]
Event: 0.166 Thread 0x000002348b8806d0   51       3       java.util.concurrent.ConcurrentHashMap::addCount (280 bytes)

GC Heap History (0 events):
No events

Deoptimization events (0 events):
No events

Classes unloaded (0 events):
No events

Classes redefined (0 events):
No events

Internal exceptions (0 events):
No events

Events (20 events):
Event: 0.165 loading class java/util/ImmutableCollections$Set12$1
Event: 0.165 loading class java/util/ImmutableCollections$Set12$1 done
Event: 0.165 loading class java/lang/invoke/MethodHandles$Lookup$ClassDefiner
Event: 0.165 loading class java/lang/invoke/MethodHandles$Lookup$ClassDefiner done
Event: 0.165 loading class java/lang/invoke/InnerClassLambdaMetafactory$1
Event: 0.165 loading class java/lang/invoke/InnerClassLambdaMetafactory$1 done
Event: 0.165 loading class java/lang/invoke/BoundMethodHandle
Event: 0.165 loading class java/lang/invoke/BoundMethodHandle done
Event: 0.166 loading class java/lang/invoke/BoundMethodHandle$Specializer
Event: 0.166 loading class java/lang/invoke/ClassSpecializer
Event: 0.166 loading class java/lang/invoke/ClassSpecializer done
Event: 0.166 loading class java/lang/invoke/BoundMethodHandle$Specializer done
Event: 0.166 loading class java/lang/invoke/ClassSpecializer$1
Event: 0.166 loading class java/util/function/Function
Event: 0.166 loading class java/util/function/Function done
Event: 0.166 loading class java/lang/invoke/ClassSpecializer$1 done
Event: 0.166 loading class java/lang/invoke/BoundMethodHandle$SpeciesData
Event: 0.166 loading class java/lang/invoke/ClassSpecializer$SpeciesData
Event: 0.166 loading class java/lang/invoke/ClassSpecializer$SpeciesData done
Event: 0.166 loading class java/lang/invoke/BoundMethodHandle$SpeciesData done


Dynamic libraries:
0x00007ff6132d0000 - 0x00007ff6132e0000 	C:\Program Files\Java\jdk-16.0.1\bin\java.exe
0x00007ffa392d0000 - 0x00007ffa394c5000 	C:\WINDOWS\SYSTEM32\ntdll.dll
0x00007ffa38c30000 - 0x00007ffa38cee000 	C:\WINDOWS\System32\KERNEL32.DLL
0x00007ffa36e80000 - 0x00007ffa37148000 	C:\WINDOWS\System32\KERNELBASE.dll
0x00007ffa37150000 - 0x00007ffa37250000 	C:\WINDOWS\System32\ucrtbase.dll
0x00007ffa2fda0000 - 0x00007ffa2fdb9000 	C:\Program Files\Java\jdk-16.0.1\bin\VCRUNTIME140.dll
0x00007ffa2fdc0000 - 0x00007ffa2fdd8000 	C:\Program Files\Java\jdk-16.0.1\bin\jli.dll
0x00007ffa37f00000 - 0x00007ffa37fae000 	C:\WINDOWS\System32\ADVAPI32.dll
0x00007ffa38090000 - 0x00007ffa3812e000 	C:\WINDOWS\System32\msvcrt.dll
0x00007ffa37cc0000 - 0x00007ffa37d5c000 	C:\WINDOWS\System32\sechost.dll
0x00007ffa38cf0000 - 0x00007ffa38e15000 	C:\WINDOWS\System32\RPCRT4.dll
0x00007ffa37d60000 - 0x00007ffa37f00000 	C:\WINDOWS\System32\USER32.dll
0x00007ffa36d40000 - 0x00007ffa36d62000 	C:\WINDOWS\System32\win32u.dll
0x00007ffa289a0000 - 0x00007ffa28c3a000 	C:\WINDOWS\WinSxS\amd64_microsoft.windows.common-controls_6595b64144ccf1df_6.0.19041.1110_none_60b5254171f9507e\COMCTL32.dll
0x00007ffa38130000 - 0x00007ffa3815b000 	C:\WINDOWS\System32\GDI32.dll
0x00007ffa369f0000 - 0x00007ffa36afb000 	C:\WINDOWS\System32\gdi32full.dll
0x00007ffa36de0000 - 0x00007ffa36e7d000 	C:\WINDOWS\System32\msvcp_win.dll
0x00007ffa30400000 - 0x00007ffa3040a000 	C:\WINDOWS\SYSTEM32\VERSION.dll
0x00007ffa382e0000 - 0x00007ffa38310000 	C:\WINDOWS\System32\IMM32.DLL
0x00007ffa326b0000 - 0x00007ffa326bc000 	C:\Program Files\Java\jdk-16.0.1\bin\vcruntime140_1.dll
0x00007ffa163f0000 - 0x00007ffa16481000 	C:\Program Files\Java\jdk-16.0.1\bin\msvcp140.dll
0x00007ff9ce4b0000 - 0x00007ff9cf05b000 	C:\Program Files\Java\jdk-16.0.1\bin\server\jvm.dll
0x00007ffa38940000 - 0x00007ffa38948000 	C:\WINDOWS\System32\PSAPI.DLL
0x00007ffa24880000 - 0x00007ffa24889000 	C:\WINDOWS\SYSTEM32\WSOCK32.dll
0x00007ffa2e630000 - 0x00007ffa2e657000 	C:\WINDOWS\SYSTEM32\WINMM.dll
0x00007ffa38310000 - 0x00007ffa3837b000 	C:\WINDOWS\System32\WS2_32.dll
0x00007ffa34920000 - 0x00007ffa34932000 	C:\WINDOWS\SYSTEM32\kernel.appcore.dll
0x00007ffa32690000 - 0x00007ffa3269a000 	C:\Program Files\Java\jdk-16.0.1\bin\jimage.dll
0x00007ffa30c40000 - 0x00007ffa30e24000 	C:\WINDOWS\SYSTEM32\DBGHELP.DLL
0x00007ffa26450000 - 0x00007ffa2647c000 	C:\WINDOWS\SYSTEM32\dbgcore.DLL
0x00007ffa372a0000 - 0x00007ffa37322000 	C:\WINDOWS\System32\bcryptPrimitives.dll
0x00007ffa31ee0000 - 0x00007ffa31eee000 	C:\Program Files\Java\jdk-16.0.1\bin\instrument.dll
0x00007ffa23e40000 - 0x00007ffa23e65000 	C:\Program Files\Java\jdk-16.0.1\bin\java.dll
0x00007ffa37390000 - 0x00007ffa37ad4000 	C:\WINDOWS\System32\SHELL32.dll
0x00007ffa34b20000 - 0x00007ffa352b4000 	C:\WINDOWS\SYSTEM32\windows.storage.dll
0x00007ffa38380000 - 0x00007ffa386d4000 	C:\WINDOWS\System32\combase.dll
0x00007ffa36450000 - 0x00007ffa3647c000 	C:\WINDOWS\SYSTEM32\Wldp.dll
0x00007ffa38890000 - 0x00007ffa3893d000 	C:\WINDOWS\System32\SHCORE.dll
0x00007ffa37fb0000 - 0x00007ffa38005000 	C:\WINDOWS\System32\shlwapi.dll
0x00007ffa36930000 - 0x00007ffa3694f000 	C:\WINDOWS\SYSTEM32\profapi.dll

dbghelp: loaded successfully - version: 4.0.5 - missing functions: none
symbol engine: initialized successfully - sym options: 0x614 - pdb path: .;C:\Program Files\Java\jdk-16.0.1\bin;C:\WINDOWS\SYSTEM32;C:\WINDOWS\WinSxS\amd64_microsoft.windows.common-controls_6595b64144ccf1df_6.0.19041.1110_none_60b5254171f9507e;C:\Program Files\Java\jdk-16.0.1\bin\server

VM Arguments:
jvm_args: --enable-preview -javaagent:D:\все\IntelliJ IDEA Community Edition 2020.2.2\lib\idea_rt.jar=57065:D:\все\IntelliJ IDEA Community Edition 2020.2.2\bin -Dfile.encoding=UTF-8 
java_command: Main
java_class_path (initial): C:\Users\Outland\IdeaProjects\filter2\BigBangTheory\target\classes;C:\Users\Outland\.m2\repository\org\seleniumhq\selenium\selenium-java\4.1.3\selenium-java-4.1.3.jar;C:\Users\Outland\.m2\repository\org\seleniumhq\selenium\selenium-api\4.1.3\selenium-api-4.1.3.jar;C:\Users\Outland\.m2\repository\org\seleniumhq\selenium\selenium-chrome-driver\4.1.3\selenium-chrome-driver-4.1.3.jar;C:\Users\Outland\.m2\repository\com\google\auto\service\auto-service-annotations\1.0.1\auto-service-annotations-1.0.1.jar;C:\Users\Outland\.m2\repository\com\google\auto\service\auto-service\1.0.1\auto-service-1.0.1.jar;C:\Users\Outland\.m2\repository\com\google\auto\auto-common\1.2\auto-common-1.2.jar;C:\Users\Outland\.m2\repository\com\google\guava\guava\31.1-jre\guava-31.1-jre.jar;C:\Users\Outland\.m2\repository\com\google\guava\failureaccess\1.0.1\failureaccess-1.0.1.jar;C:\Users\Outland\.m2\repository\com\google\guava\listenablefuture\9999.0-empty-to-avoid-conflict-with-guava\listenablefuture-9999.0-empty-to-avoid-conflict-with-guava.jar;C:\Users\Outland\.m2\repository\com\google\code\findbugs\jsr305\3.0.2\jsr305-3.0.2.jar;C:\Users\Outland\.m2\repository\org\checkerframework\checker-qual\3.12.0\checker-qual-3.12.0.jar;C:\Users\Outland\.m2\repository\com\google\errorprone\error_prone_annotations\2.11.0\error_prone_annotations-2.11.0.jar;C:\Users\Outland\.m2\repository\com\google\j2objc\j2objc-annotations\1.3\j2objc-annotations-1.3.jar;C:\Users\Outland\.m2\repository\org\seleniumhq\selenium\selenium-chromium-driver\4.1.3\selenium-chromium-driver-4.1.3.jar;C:\Users\Outland\.m2\repository\org\seleniumhq\selenium\selenium-json\4.1.3\selenium-json-4.1.3.jar;C:\Users\Outland\.m2\repository\org\seleniumhq\selenium\selenium-devtools-v85\4.1.3\selenium-devtools-v85-4.1.3.jar;C:\Users\Outland\.m2\repository\org\seleniumhq\selenium\selenium-devtools-v97\4.1.3\selenium-devtools-v97-4.1.3.jar;C:\Users\Outland\.m2\repository\org\seleniumhq\selenium\selenium-devtools-v98\4
Launcher Type: SUN_STANDARD

[Global flags]
     intx CICompilerCount                          = 4                                         {product} {ergonomic}
     uint ConcGCThreads                            = 3                                         {product} {ergonomic}
     uint G1ConcRefinementThreads                  = 10                                        {product} {ergonomic}
   size_t G1HeapRegionSize                         = 2097152                                   {product} {ergonomic}
    uintx GCDrainStackTargetSize                   = 64                                        {product} {ergonomic}
   size_t InitialHeapSize                          = 268435456                                 {product} {ergonomic}
   size_t MarkStackSize                            = 4194304                                   {product} {ergonomic}
   size_t MaxHeapSize                              = 4282384384                                {product} {ergonomic}
   size_t MaxNewSize                               = 2569011200                                {product} {ergonomic}
   size_t MinHeapDeltaBytes                        = 2097152                                   {product} {ergonomic}
   size_t MinHeapSize                              = 8388608                                   {product} {ergonomic}
    uintx NonNMethodCodeHeapSize                   = 5839372                                {pd product} {ergonomic}
    uintx NonProfiledCodeHeapSize                  = 122909434                              {pd product} {ergonomic}
    uintx ProfiledCodeHeapSize                     = 122909434                              {pd product} {ergonomic}
    uintx ReservedCodeCacheSize                    = 251658240                              {pd product} {ergonomic}
     bool SegmentedCodeCache                       = true                                      {product} {ergonomic}
   size_t SoftMaxHeapSize                          = 4282384384                             {manageable} {ergonomic}
     bool UseCompressedClassPointers               = true                           {product lp64_product} {ergonomic}
     bool UseCompressedOops                        = true                           {product lp64_product} {ergonomic}
     bool UseG1GC                                  = true                                      {product} {ergonomic}
     bool UseLargePagesIndividualAllocation        = false                                  {pd product} {ergonomic}

Logging:
Log output configuration:
 #0: stdout all=warning uptime,level,tags
 #1: stderr all=off uptime,level,tags

Environment Variables:
JAVA_HOME=C:\Program Files\Java\jdk-16.0.1
PATH=C:\Program Files\Common Files\Oracle\Java\javapath;C:\Program Files (x86)\Common Files\Oracle\Java\javapath;C:\ProgramData\Oracle\Java\javapath;C:\WINDOWS\system32;C:\WINDOWS;C:\WINDOWS\System32\Wbem;C:\WINDOWS\System32\WindowsPowerShell\v1.0\;C:\WINDOWS\System32\OpenSSH\;D:\Программы\apache-maven-3.8.2\bin;C:\Program Files\Java\jdk-16.0.1\bin;D:\Git\cmd;C:\Users\Outland\AppData\Local\Microsoft\WindowsApps;
USERNAME=Outland
OS=Windows_NT
PROCESSOR_IDENTIFIER=AMD64 Family 23 Model 8 Stepping 2, AuthenticAMD



---------------  S Y S T E M  ---------------

OS:
 Windows 10 , 64 bit Build 19041 (10.0.19041.1566)
OS uptime: 0 days 17:53 hours

CPU: total 12 (initial active 12) (12 cores per cpu, 2 threads per core) family 23 model 8 stepping 2 microcode 0x0, cx8, cmov, fxsr, ht, mmx, 3dnowpref, sse, sse2, sse3, ssse3, sse4a, sse4.1, sse4.2, popcnt, lzcnt, tsc, tscinvbit, avx, avx2, aes, clmul, bmi1, bmi2, adx, sha, fma, vzeroupper, clflush, clflushopt

Memory: 4k page, system-wide physical 16331M (5848M free)
TotalPageFile size 21331M (AvailPageFile size 2M)
current process WorkingSet (physical memory assigned to process): 27M, peak: 27M
current process commit charge ("private bytes"): 339M, peak: 342M

vm_info: Java HotSpot(TM) 64-Bit Server VM (16.0.1+9-24) for windows-amd64 JRE (16.0.1+9-24), built on Mar 26 2021 19:31:42 by "mach5one" with MS VC++ 16.7 (VS2019)

END.
